<?xml version="1.0" encoding="UTF-8"?>
<!-- Generated by org.testng.reporters.JUnitReportReporter -->
<testsuite hostname="LAPTOP-PDD67UF8" failures="0" tests="1" name="automationtask.tugas.ApiTest" time="2.246" errors="0" timestamp="24 Sep 2021 05:26:58 GMT" skipped="0">
  <testcase classname="automationtask.tugas.ApiTest" name="signUp" time="2.246"/>
</testsuite> <!-- automationtask.tugas.ApiTest -->
