<?xml version="1.0" encoding="UTF-8"?>
<!-- Generated by org.testng.reporters.JUnitReportReporter -->
<testsuite hostname="LAPTOP-PDD67UF8" failures="0" tests="1" name="automationtask.tugas.AppTest" time="11.036" errors="0" timestamp="24 Sep 2021 05:27:19 GMT" skipped="0">
  <testcase classname="automationtask.tugas.AppTest" name="testSwitching" time="11.036"/>
</testsuite> <!-- automationtask.tugas.AppTest -->
