<?xml version="1.0" encoding="UTF-8"?>
<!-- Generated by org.testng.reporters.JUnitReportReporter -->
<testsuite hostname="LAPTOP-PDD67UF8" failures="0" tests="1" name="automationtask.tugas.AppTest" time="15.256" errors="0" timestamp="24 Sep 2021 13:49:45 GMT" skipped="0">
  <testcase classname="automationtask.tugas.AppTest" name="TripToAndFrom" time="15.256"/>
</testsuite> <!-- automationtask.tugas.AppTest -->
